<?xml version="1.0" encoding="UTF-8"?>
<!-- Generated by org.testng.reporters.JUnitXMLReporter -->
<testsuite hostname="DESKTOP-MTO6MC9" ignored="0" name="test1" tests="6" failures="0" timestamp="2023-01-04T09:45:44 IST" time="0.122" errors="0">
  <testcase name="tc001" time="0.012" classname="testng.ClassA"/>
  <testcase name="tc002" time="0.003" classname="testng.ClassA"/>
  <testcase name="tc003" time="0.004" classname="testng.ClassA"/>
  <testcase name="tc004" time="0.004" classname="testng1.ClassB"/>
  <testcase name="tc005" time="0.006" classname="testng1.ClassB"/>
  <testcase name="tc006" time="0.011" classname="testng1.ClassB"/>
</testsuite> <!-- test1 -->
