<?xml version="1.0" encoding="UTF-8"?>
<testng-results skipped="0" failed="0" ignored="0" total="6" passed="6">
  <reporter-output>
    <line>
      <![CDATA[tc001 executed successfull]]>
    </line>
    <line>
      <![CDATA[tc002 executed successfull]]>
    </line>
    <line>
      <![CDATA[tc003 executed successfull]]>
    </line>
    <line>
      <![CDATA[tc004 executed successfull]]>
    </line>
    <line>
      <![CDATA[tc005 executed successfull]]>
    </line>
    <line>
      <![CDATA[tc006 executed successfull]]>
    </line>
  </reporter-output>
  <suite name="default suite" duration-ms="122" started-at="2023-01-04T09:45:44 IST" finished-at="2023-01-04T09:45:44 IST">
    <groups>
    </groups>
    <test name="test1" duration-ms="122" started-at="2023-01-04T09:45:44 IST" finished-at="2023-01-04T09:45:44 IST">
      <class name="testng.ClassA">
        <test-method status="PASS" signature="tc001()[pri:0, instance:testng.ClassA@528931cf]" name="tc001" duration-ms="12" started-at="2023-01-04T09:45:44 IST" finished-at="2023-01-04T09:45:44 IST">
          <reporter-output>
            <line>
              <![CDATA[tc001 executed successfull]]>
            </line>
          </reporter-output>
        </test-method> <!-- tc001 -->
        <test-method status="PASS" signature="tc002()[pri:0, instance:testng.ClassA@528931cf]" name="tc002" duration-ms="3" started-at="2023-01-04T09:45:44 IST" finished-at="2023-01-04T09:45:44 IST">
          <reporter-output>
            <line>
              <![CDATA[tc002 executed successfull]]>
            </line>
          </reporter-output>
        </test-method> <!-- tc002 -->
        <test-method status="PASS" signature="tc003()[pri:0, instance:testng.ClassA@528931cf]" name="tc003" duration-ms="4" started-at="2023-01-04T09:45:44 IST" finished-at="2023-01-04T09:45:44 IST">
          <reporter-output>
            <line>
              <![CDATA[tc003 executed successfull]]>
            </line>
          </reporter-output>
        </test-method> <!-- tc003 -->
      </class> <!-- testng.ClassA -->
      <class name="testng1.ClassB">
        <test-method status="PASS" signature="tc004()[pri:0, instance:testng1.ClassB@2f943d71]" name="tc004" duration-ms="4" started-at="2023-01-04T09:45:44 IST" finished-at="2023-01-04T09:45:44 IST">
          <reporter-output>
            <line>
              <![CDATA[tc004 executed successfull]]>
            </line>
          </reporter-output>
        </test-method> <!-- tc004 -->
        <test-method status="PASS" signature="tc005()[pri:0, instance:testng1.ClassB@2f943d71]" name="tc005" duration-ms="6" started-at="2023-01-04T09:45:44 IST" finished-at="2023-01-04T09:45:44 IST">
          <reporter-output>
            <line>
              <![CDATA[tc005 executed successfull]]>
            </line>
          </reporter-output>
        </test-method> <!-- tc005 -->
        <test-method status="PASS" signature="tc006()[pri:0, instance:testng1.ClassB@2f943d71]" name="tc006" duration-ms="11" started-at="2023-01-04T09:45:44 IST" finished-at="2023-01-04T09:45:44 IST">
          <reporter-output>
            <line>
              <![CDATA[tc006 executed successfull]]>
            </line>
          </reporter-output>
        </test-method> <!-- tc006 -->
      </class> <!-- testng1.ClassB -->
    </test> <!-- test1 -->
  </suite> <!-- default suite -->
</testng-results>
