<?xml version="1.0" encoding="UTF-8"?>
<testng-results skipped="0" failed="0" ignored="0" total="11" passed="11">
  <reporter-output>
    <line>
      <![CDATA[Login test successfull]]>
    </line>
    <line>
      <![CDATA[tc001 executed successfull]]>
    </line>
    <line>
      <![CDATA[tc002 executed successfull]]>
    </line>
    <line>
      <![CDATA[tc003 executed successfull]]>
    </line>
    <line>
      <![CDATA[Logout test successfull]]>
    </line>
    <line>
      <![CDATA[tc004 executed successfull]]>
    </line>
    <line>
      <![CDATA[tc005 executed successfull]]>
    </line>
    <line>
      <![CDATA[tc006 executed successfull]]>
    </line>
    <line>
      <![CDATA[finaltest executed]]>
    </line>
    <line>
      <![CDATA[tc010 executed successfull]]>
    </line>
    <line>
      <![CDATA[tc009 executed successfull]]>
    </line>
  </reporter-output>
  <suite name="default suite" duration-ms="166" started-at="2023-01-10T20:55:14 IST" finished-at="2023-01-10T20:55:14 IST">
    <groups>
    </groups>
    <test name="test1" duration-ms="166" started-at="2023-01-10T20:55:14 IST" finished-at="2023-01-10T20:55:14 IST">
      <class name="p4.ClassD">
        <test-method status="PASS" signature="tc0010()[pri:0, instance:p4.ClassD@6895a785]" name="tc0010" duration-ms="2" started-at="2023-01-10T20:55:14 IST" finished-at="2023-01-10T20:55:14 IST">
          <reporter-output>
            <line>
              <![CDATA[tc010 executed successfull]]>
            </line>
          </reporter-output>
        </test-method> <!-- tc0010 -->
        <test-method status="PASS" signature="tc009()[pri:0, instance:p4.ClassD@6895a785]" name="tc009" duration-ms="2" started-at="2023-01-10T20:55:14 IST" finished-at="2023-01-10T20:55:14 IST">
          <reporter-output>
            <line>
              <![CDATA[tc009 executed successfull]]>
            </line>
          </reporter-output>
        </test-method> <!-- tc009 -->
      </class> <!-- p4.ClassD -->
      <class name="p2.ClassB">
        <test-method status="PASS" signature="Logout()[pri:0, instance:p2.ClassB@10bbd20a]" name="Logout" duration-ms="5" started-at="2023-01-10T20:55:14 IST" finished-at="2023-01-10T20:55:14 IST">
          <reporter-output>
            <line>
              <![CDATA[Logout test successfull]]>
            </line>
          </reporter-output>
        </test-method> <!-- Logout -->
        <test-method status="PASS" signature="tc004()[pri:0, instance:p2.ClassB@10bbd20a]" name="tc004" duration-ms="8" started-at="2023-01-10T20:55:14 IST" finished-at="2023-01-10T20:55:14 IST">
          <reporter-output>
            <line>
              <![CDATA[tc004 executed successfull]]>
            </line>
          </reporter-output>
        </test-method> <!-- tc004 -->
        <test-method status="PASS" signature="tc005()[pri:0, instance:p2.ClassB@10bbd20a]" name="tc005" duration-ms="2" started-at="2023-01-10T20:55:14 IST" finished-at="2023-01-10T20:55:14 IST">
          <reporter-output>
            <line>
              <![CDATA[tc005 executed successfull]]>
            </line>
          </reporter-output>
        </test-method> <!-- tc005 -->
        <test-method status="PASS" signature="tc006()[pri:0, instance:p2.ClassB@10bbd20a]" name="tc006" duration-ms="2" started-at="2023-01-10T20:55:14 IST" finished-at="2023-01-10T20:55:14 IST">
          <reporter-output>
            <line>
              <![CDATA[tc006 executed successfull]]>
            </line>
          </reporter-output>
        </test-method> <!-- tc006 -->
      </class> <!-- p2.ClassB -->
      <class name="p3.ClassC">
        <test-method status="PASS" signature="finatest()[pri:0, instance:p3.ClassC@48503868]" name="finatest" duration-ms="3" started-at="2023-01-10T20:55:14 IST" finished-at="2023-01-10T20:55:14 IST">
          <reporter-output>
            <line>
              <![CDATA[finaltest executed]]>
            </line>
          </reporter-output>
        </test-method> <!-- finatest -->
      </class> <!-- p3.ClassC -->
      <class name="p1.ClassA">
        <test-method status="PASS" signature="Login()[pri:0, instance:p1.ClassA@64729b1e]" name="Login" duration-ms="13" started-at="2023-01-10T20:55:14 IST" finished-at="2023-01-10T20:55:14 IST">
          <reporter-output>
            <line>
              <![CDATA[Login test successfull]]>
            </line>
          </reporter-output>
        </test-method> <!-- Login -->
        <test-method status="PASS" signature="tc001()[pri:0, instance:p1.ClassA@64729b1e]" name="tc001" duration-ms="2" started-at="2023-01-10T20:55:14 IST" finished-at="2023-01-10T20:55:14 IST">
          <reporter-output>
            <line>
              <![CDATA[tc001 executed successfull]]>
            </line>
          </reporter-output>
        </test-method> <!-- tc001 -->
        <test-method status="PASS" signature="tc002()[pri:0, instance:p1.ClassA@64729b1e]" name="tc002" duration-ms="2" started-at="2023-01-10T20:55:14 IST" finished-at="2023-01-10T20:55:14 IST">
          <reporter-output>
            <line>
              <![CDATA[tc002 executed successfull]]>
            </line>
          </reporter-output>
        </test-method> <!-- tc002 -->
        <test-method status="PASS" signature="tc003()[pri:0, instance:p1.ClassA@64729b1e]" name="tc003" duration-ms="2" started-at="2023-01-10T20:55:14 IST" finished-at="2023-01-10T20:55:14 IST">
          <reporter-output>
            <line>
              <![CDATA[tc003 executed successfull]]>
            </line>
          </reporter-output>
        </test-method> <!-- tc003 -->
      </class> <!-- p1.ClassA -->
    </test> <!-- test1 -->
  </suite> <!-- default suite -->
</testng-results>
