<?xml version="1.0" encoding="UTF-8"?>
<!-- Generated by org.testng.reporters.JUnitXMLReporter -->
<testsuite hostname="DESKTOP-MTO6MC9" ignored="0" name="test1" tests="8" failures="0" timestamp="2023-01-09T14:07:33 IST" time="0.134" errors="0">
  <testcase name="Logout" time="0.015" classname="pkg1.ClassB"/>
  <testcase name="tc004" time="0.0" classname="pkg1.ClassB"/>
  <testcase name="tc005" time="0.0" classname="pkg1.ClassB"/>
  <testcase name="tc006" time="0.0" classname="pkg1.ClassB"/>
  <testcase name="Login" time="0.0" classname="pkg2.ClassA"/>
  <testcase name="tc001" time="0.0" classname="pkg2.ClassA"/>
  <testcase name="tc002" time="0.0" classname="pkg2.ClassA"/>
  <testcase name="tc003" time="0.016" classname="pkg2.ClassA"/>
</testsuite> <!-- test1 -->
