<?xml version="1.0" encoding="UTF-8"?>
<!-- Generated by org.testng.reporters.JUnitXMLReporter -->
<testsuite hostname="DESKTOP-MTO6MC9" ignored="0" name="Default test" tests="4" failures="0" timestamp="2023-01-25T06:20:31 IST" time="0.079" errors="0">
  <testcase name="Logout" time="0.013" classname="jk2.ClassB"/>
  <testcase name="tc004" time="0.002" classname="jk2.ClassB"/>
  <testcase name="tc005" time="0.003" classname="jk2.ClassB"/>
  <testcase name="tc006" time="0.002" classname="jk2.ClassB"/>
</testsuite> <!-- Default test -->
