<?xml version="1.0" encoding="UTF-8"?>
<!-- Generated by org.testng.reporters.JUnitXMLReporter -->
<testsuite hostname="DESKTOP-MTO6MC9" ignored="0" name="test1" tests="8" failures="0" timestamp="2023-01-25T06:22:26 IST" time="0.096" errors="0">
  <testcase name="Login" time="0.012" classname="jk1.ClassA"/>
  <testcase name="tc001" time="0.002" classname="jk1.ClassA"/>
  <testcase name="tc002" time="0.001" classname="jk1.ClassA"/>
  <testcase name="tc003" time="0.003" classname="jk1.ClassA"/>
  <testcase name="Logout" time="0.002" classname="jk2.ClassB"/>
  <testcase name="tc004" time="0.002" classname="jk2.ClassB"/>
  <testcase name="tc005" time="0.002" classname="jk2.ClassB"/>
  <testcase name="tc006" time="0.003" classname="jk2.ClassB"/>
</testsuite> <!-- test1 -->
