<?xml version="1.0" encoding="UTF-8"?>
<!-- Generated by org.testng.reporters.JUnitXMLReporter -->
<testsuite hostname="DESKTOP-MTO6MC9" ignored="0" name="test1" tests="9" failures="0" timestamp="2023-01-10T20:34:47 IST" time="0.119" errors="0">
  <testcase name="Login" time="0.01" classname="p1.ClassA"/>
  <testcase name="tc001" time="0.004" classname="p1.ClassA"/>
  <testcase name="tc002" time="0.003" classname="p1.ClassA"/>
  <testcase name="tc003" time="0.002" classname="p1.ClassA"/>
  <testcase name="Logout" time="0.003" classname="p2.ClassB"/>
  <testcase name="tc004" time="0.003" classname="p2.ClassB"/>
  <testcase name="tc005" time="0.004" classname="p2.ClassB"/>
  <testcase name="tc006" time="0.003" classname="p2.ClassB"/>
  <testcase name="finatest" time="0.002" classname="p3.ClassC"/>
</testsuite> <!-- test1 -->
