<?xml version="1.0" encoding="UTF-8"?>
<!-- Generated by org.testng.reporters.JUnitXMLReporter -->
<testsuite hostname="DESKTOP-MTO6MC9" ignored="0" name="test1" tests="11" failures="0" timestamp="2023-01-10T20:55:14 IST" time="0.166" errors="0">
  <testcase name="Login" time="0.013" classname="p1.ClassA"/>
  <testcase name="tc001" time="0.002" classname="p1.ClassA"/>
  <testcase name="tc002" time="0.002" classname="p1.ClassA"/>
  <testcase name="tc003" time="0.002" classname="p1.ClassA"/>
  <testcase name="Logout" time="0.005" classname="p2.ClassB"/>
  <testcase name="tc004" time="0.008" classname="p2.ClassB"/>
  <testcase name="tc005" time="0.002" classname="p2.ClassB"/>
  <testcase name="tc006" time="0.002" classname="p2.ClassB"/>
  <testcase name="finatest" time="0.003" classname="p3.ClassC"/>
  <testcase name="tc0010" time="0.002" classname="p4.ClassD"/>
  <testcase name="tc009" time="0.002" classname="p4.ClassD"/>
</testsuite> <!-- test1 -->
