<?xml version="1.0" encoding="UTF-8"?>
<testng-results skipped="0" failed="0" ignored="0" total="8" passed="8">
  <reporter-output>
    <line>
      <![CDATA[Logout test successfull]]>
    </line>
    <line>
      <![CDATA[tc004 executed successfull]]>
    </line>
    <line>
      <![CDATA[tc005 executed successfull]]>
    </line>
    <line>
      <![CDATA[tc006 executed successfull]]>
    </line>
    <line>
      <![CDATA[Login test successfull]]>
    </line>
    <line>
      <![CDATA[tc001 executed successfull]]>
    </line>
    <line>
      <![CDATA[tc002 executed successfull]]>
    </line>
    <line>
      <![CDATA[tc003 executed successfull]]>
    </line>
  </reporter-output>
  <suite name="default suite" duration-ms="134" started-at="2023-01-09T14:07:33 IST" finished-at="2023-01-09T14:07:33 IST">
    <groups>
    </groups>
    <test name="test1" duration-ms="134" started-at="2023-01-09T14:07:33 IST" finished-at="2023-01-09T14:07:33 IST">
      <class name="pkg2.ClassA">
        <test-method status="PASS" signature="Login()[pri:0, instance:pkg2.ClassA@1f554b06]" name="Login" duration-ms="0" started-at="2023-01-09T14:07:33 IST" finished-at="2023-01-09T14:07:33 IST">
          <reporter-output>
            <line>
              <![CDATA[Login test successfull]]>
            </line>
          </reporter-output>
        </test-method> <!-- Login -->
        <test-method status="PASS" signature="tc001()[pri:0, instance:pkg2.ClassA@1f554b06]" name="tc001" duration-ms="0" started-at="2023-01-09T14:07:33 IST" finished-at="2023-01-09T14:07:33 IST">
          <reporter-output>
            <line>
              <![CDATA[tc001 executed successfull]]>
            </line>
          </reporter-output>
        </test-method> <!-- tc001 -->
        <test-method status="PASS" signature="tc002()[pri:0, instance:pkg2.ClassA@1f554b06]" name="tc002" duration-ms="0" started-at="2023-01-09T14:07:33 IST" finished-at="2023-01-09T14:07:33 IST">
          <reporter-output>
            <line>
              <![CDATA[tc002 executed successfull]]>
            </line>
          </reporter-output>
        </test-method> <!-- tc002 -->
        <test-method status="PASS" signature="tc003()[pri:0, instance:pkg2.ClassA@1f554b06]" name="tc003" duration-ms="16" started-at="2023-01-09T14:07:33 IST" finished-at="2023-01-09T14:07:33 IST">
          <reporter-output>
            <line>
              <![CDATA[tc003 executed successfull]]>
            </line>
          </reporter-output>
        </test-method> <!-- tc003 -->
      </class> <!-- pkg2.ClassA -->
      <class name="pkg1.ClassB">
        <test-method status="PASS" signature="Logout()[pri:0, instance:pkg1.ClassB@614ddd49]" name="Logout" duration-ms="15" started-at="2023-01-09T14:07:33 IST" finished-at="2023-01-09T14:07:33 IST">
          <reporter-output>
            <line>
              <![CDATA[Logout test successfull]]>
            </line>
          </reporter-output>
        </test-method> <!-- Logout -->
        <test-method status="PASS" signature="tc004()[pri:0, instance:pkg1.ClassB@614ddd49]" name="tc004" duration-ms="0" started-at="2023-01-09T14:07:33 IST" finished-at="2023-01-09T14:07:33 IST">
          <reporter-output>
            <line>
              <![CDATA[tc004 executed successfull]]>
            </line>
          </reporter-output>
        </test-method> <!-- tc004 -->
        <test-method status="PASS" signature="tc005()[pri:0, instance:pkg1.ClassB@614ddd49]" name="tc005" duration-ms="0" started-at="2023-01-09T14:07:33 IST" finished-at="2023-01-09T14:07:33 IST">
          <reporter-output>
            <line>
              <![CDATA[tc005 executed successfull]]>
            </line>
          </reporter-output>
        </test-method> <!-- tc005 -->
        <test-method status="PASS" signature="tc006()[pri:0, instance:pkg1.ClassB@614ddd49]" name="tc006" duration-ms="0" started-at="2023-01-09T14:07:33 IST" finished-at="2023-01-09T14:07:33 IST">
          <reporter-output>
            <line>
              <![CDATA[tc006 executed successfull]]>
            </line>
          </reporter-output>
        </test-method> <!-- tc006 -->
      </class> <!-- pkg1.ClassB -->
    </test> <!-- test1 -->
  </suite> <!-- default suite -->
</testng-results>
